Info: Series:GW1N-9C Device:GW1NR-9C Package:QFN88P Speed:C6/I5
Info: Cell clk not found
Info: Cell clk not found

Info: Packing constants..
Info: Packing Shadow RAM..
Info: Packing GSR..
Info: Packing IOs..
Info: Packing diff IOs..
Info: Packing IO logic..
Info: Packing wide LUTs..
Info: Packing LUT5s..
Info: Packing LUT6s..
Info: Packing LUT7s..
Info: Packing LUT8s..
Info: Packing ALUs..
Info: Packing LUT-FFs..
Info: Packing non-LUT FFs..
Info: Packing PLLs..
Info: Checksum: 0x39f1d2ac

Info: Annotating ports with timing budgets for target frequency 27.00 MHz
Info: Checksum: 0x39f1d2ac

Info: Device utilisation:
Info: 	                 VCC:     1/    1   100%
Info: 	               SLICE:     7/ 8640     0%
Info: 	                 IOB:    11/  274     4%
Info: 	                ODDR:     0/  274     0%
Info: 	           MUX2_LUT5:     0/ 4320     0%
Info: 	           MUX2_LUT6:     0/ 2160     0%
Info: 	           MUX2_LUT7:     0/ 1080     0%
Info: 	           MUX2_LUT8:     0/ 1056     0%
Info: 	                 GND:     1/    1   100%
Info: 	                RAMW:     0/  270     0%
Info: 	                 GSR:     1/    1   100%
Info: 	                 OSC:     0/    1     0%
Info: 	                rPLL:     0/    2     0%

Info: Placed 11 cells based on constraints.
Info: Creating initial analytic placement for 9 cells, random placement wirelen = 418.
Info:     at initial placer iter 0, wirelen = 128
Info:     at initial placer iter 1, wirelen = 128
Info:     at initial placer iter 2, wirelen = 128
Info:     at initial placer iter 3, wirelen = 128
Info: Running main analytical placer, max placement attempts per cell = 10000.
Info:     at iteration #1, type SLICE: wirelen solved = 128, spread = 134, legal = 152; time = 0.00s
Info:     at iteration #1, type VCC: wirelen solved = 152, spread = 152, legal = 152; time = 0.00s
Info:     at iteration #1, type GSR: wirelen solved = 152, spread = 152, legal = 152; time = 0.00s
Info:     at iteration #1, type ALL: wirelen solved = 129, spread = 142, legal = 146; time = 0.00s
Info: HeAP Placer Time: 0.01s
Info:   of which solving equations: 0.00s
Info:   of which spreading cells: 0.00s
Info:   of which strict legalisation: 0.00s

Info: Running simulated annealing placer for refinement.
Info:   at iteration #1: temp = 0.000000, timing cost = 0, wirelen = 146
Info:   at iteration #5: temp = 0.000000, timing cost = 0, wirelen = 130
Info:   at iteration #6: temp = 0.000000, timing cost = 0, wirelen = 130 
Info: SA placement time 0.01s

Info: Max delay <async> -> <async>: 15.50 ns

Info: Slack histogram:
Info:  legend: * represents 1 endpoint(s)
Info:          + represents [1,1) endpoint(s)
Info: [ 21539,  21754) |* 
Info: [ 21754,  21969) | 
Info: [ 21969,  22184) | 
Info: [ 22184,  22399) |** 
Info: [ 22399,  22614) | 
Info: [ 22614,  22829) |** 
Info: [ 22829,  23044) | 
Info: [ 23044,  23259) |* 
Info: [ 23259,  23474) |* 
Info: [ 23474,  23689) | 
Info: [ 23689,  23904) | 
Info: [ 23904,  24119) | 
Info: [ 24119,  24334) | 
Info: [ 24334,  24549) | 
Info: [ 24549,  24764) |******** 
Info: [ 24764,  24979) | 
Info: [ 24979,  25194) |**** 
Info: [ 25194,  25409) | 
Info: [ 25409,  25624) |****** 
Info: [ 25624,  25839) |********** 
Info: Checksum: 0xdbb7be4b
Info: Find global nets...
Info: Routing globals...

Info: Routing..
Info: Setting up routing queue.
Info: Routing 36 arcs.
Info:            |   (re-)routed arcs  |   delta    | remaining|       time spent     |
Info:    IterCnt |  w/ripup   wo/ripup |  w/r  wo/r |      arcs| batch(sec) total(sec)|
Info:         36 |        0         36 |    0    36 |         0|       0.06       0.06|
Info: Routing complete.
Info: Router1 time 0.06s
Info: Checksum: 0x182bbfe1

Info: Critical path report for cross-domain path '<async>' -> '<async>':
Info: curr total
Info:  0.0  0.0  Source BIN_IBUF_O$iob.O
Info:  7.7  7.7    Net BIN budget 37.037037 ns (7,28) -> (10,1)
Info:                Sink SA_LUT4_F_LC.C
Info:                Defined in:
Info:                  ../design/top.sv:12.12-12.15
Info:  0.8  8.5  Source SA_LUT4_F_LC.F
Info:  1.4  9.9    Net SA budget 17.969519 ns (10,1) -> (7,0)
Info:                Sink segments_OBUF_O_6$iob.I
Info:                Defined in:
Info:                  ../design/top.sv:14.7-14.9
Info: 0.8 ns logic, 9.1 ns routing

Info: Max delay <async> -> <async>: 9.92 ns

Info: Slack histogram:
Info:  legend: * represents 1 endpoint(s)
Info:          + represents [1,1) endpoint(s)
Info: [ 27114,  27291) |* 
Info: [ 27291,  27468) | 
Info: [ 27468,  27645) |* 
Info: [ 27645,  27822) | 
Info: [ 27822,  27999) |* 
Info: [ 27999,  28176) |* 
Info: [ 28176,  28353) |** 
Info: [ 28353,  28530) |* 
Info: [ 28530,  28707) | 
Info: [ 28707,  28884) | 
Info: [ 28884,  29061) |* 
Info: [ 29061,  29238) | 
Info: [ 29238,  29415) |*** 
Info: [ 29415,  29592) |* 
Info: [ 29592,  29769) | 
Info: [ 29769,  29946) |****** 
Info: [ 29946,  30123) |* 
Info: [ 30123,  30300) |******** 
Info: [ 30300,  30477) |*** 
Info: [ 30477,  30654) |***** 

Info: Program finished normally.
